<?xml version="1.0" encoding="UTF-8"?>
<!-- Generated by org.testng.reporters.JUnitReportReporter -->
<testsuite hostname="AV-PN-PHADKEC" name="testcases.Test1" tests="1" failures="0" timestamp="5 Sep 2018 10:54:51 GMT" time="3.026" errors="0">
  <testcase name="firstRun" time="3.026" classname="testcases.Test1"/>
</testsuite> <!-- testcases.Test1 -->
